<?xml version="1.0" encoding="UTF-8"?>
<!-- Generated by org.testng.reporters.JUnitReportReporter -->
<testsuite hostname="User" name="RedBusBooking.RedBus.TestRedBus" tests="2" failures="0" timestamp="29 Dec 2018 10:16:18 GMT" time="107.909" errors="0">
  <testcase name="searchBuses" time="58.906" classname="RedBusBooking.RedBus.TestRedBus"/>
  <testcase name="searchBuses1" time="49.003" classname="RedBusBooking.RedBus.TestRedBus"/>
</testsuite> <!-- RedBusBooking.RedBus.TestRedBus -->
