<?xml version="1.0" encoding="UTF-8"?>
<!-- Generated by org.testng.reporters.JUnitReportReporter -->
<testsuite skipped="0" hostname="User" name="Selenium_Maven.Selenium_Maven.AppTest" tests="1" failures="0" timestamp="21 Dec 2018 12:03:49 GMT" time="0.020" errors="0">
  <testcase name="shouldAnswerWithTrue" time="0.020" classname="Selenium_Maven.Selenium_Maven.AppTest"/>
</testsuite> <!-- Selenium_Maven.Selenium_Maven.AppTest -->
